2020-03-21 23:31:07,200 [main] INFO  c.example.demo.xm.AJ_NLPApplication [Line:50 ] - Starting AJ_NLPApplication on DESKTOP-7G8HBNT with PID 13964 (Z:\project\AJ_NLP\target\classes started by ZH in Z:\project\AJ_NLP)
2020-03-21 23:31:07,210 [main] INFO  c.example.demo.xm.AJ_NLPApplication [Line:675] - No active profile set, falling back to default profiles: default
2020-03-21 23:31:07,835 [main] INFO  o.s.b.w.e.tomcat.TomcatWebServer [Line:90 ] - Tomcat initialized with port(s): 8080 (http)
2020-03-21 23:31:07,845 [main] INFO  o.a.coyote.http11.Http11NioProtocol [Line:173] - Initializing ProtocolHandler ["http-nio-8080"]
2020-03-21 23:31:07,857 [main] INFO  o.a.catalina.core.StandardService [Line:173] - Starting service [Tomcat]
2020-03-21 23:31:07,858 [main] INFO  o.a.catalina.core.StandardEngine [Line:173] - Starting Servlet engine: [Apache Tomcat/9.0.19]
2020-03-21 23:31:07,918 [main] INFO  o.a.c.c.C.[Tomcat].[localhost].[/] [Line:173] - Initializing Spring embedded WebApplicationContext
2020-03-21 23:31:07,919 [main] INFO  o.s.web.context.ContextLoader [Line:296] - Root WebApplicationContext: initialization completed in 687 ms
2020-03-21 23:31:08,025 [main] INFO  o.s.s.c.ThreadPoolTaskExecutor [Line:171] - Initializing ExecutorService 'applicationTaskExecutor'
2020-03-21 23:31:08,136 [main] INFO  o.a.coyote.http11.Http11NioProtocol [Line:173] - Starting ProtocolHandler ["http-nio-8080"]
2020-03-21 23:31:08,374 [main] ERROR o.apache.catalina.util.LifecycleBase [Line:175] - Failed to start component [Connector[HTTP/1.1-8080]]
org.apache.catalina.LifecycleException: Protocol handler start failed
	at org.apache.catalina.connector.Connector.startInternal(Connector.java:1008) ~[tomcat-embed-core-9.0.19.jar:9.0.19]
	at org.apache.catalina.util.LifecycleBase.start(LifecycleBase.java:183) ~[tomcat-embed-core-9.0.19.jar:9.0.19]
	at org.apache.catalina.core.StandardService.addConnector(StandardService.java:226) ~[tomcat-embed-core-9.0.19.jar:9.0.19]
	at org.springframework.boot.web.embedded.tomcat.TomcatWebServer.addPreviouslyRemovedConnectors(TomcatWebServer.java:259) ~[spring-boot-2.1.5.RELEASE.jar:2.1.5.RELEASE]
	at org.springframework.boot.web.embedded.tomcat.TomcatWebServer.start(TomcatWebServer.java:197) ~[spring-boot-2.1.5.RELEASE.jar:2.1.5.RELEASE]
	at org.springframework.boot.web.servlet.context.ServletWebServerApplicationContext.startWebServer(ServletWebServerApplicationContext.java:311) ~[spring-boot-2.1.5.RELEASE.jar:2.1.5.RELEASE]
	at org.springframework.boot.web.servlet.context.ServletWebServerApplicationContext.finishRefresh(ServletWebServerApplicationContext.java:164) ~[spring-boot-2.1.5.RELEASE.jar:2.1.5.RELEASE]
	at org.springframework.context.support.AbstractApplicationContext.refresh(AbstractApplicationContext.java:552) ~[spring-context-5.1.7.RELEASE.jar:5.1.7.RELEASE]
	at org.springframework.boot.web.servlet.context.ServletWebServerApplicationContext.refresh(ServletWebServerApplicationContext.java:142) ~[spring-boot-2.1.5.RELEASE.jar:2.1.5.RELEASE]
	at org.springframework.boot.SpringApplication.refresh(SpringApplication.java:775) ~[spring-boot-2.1.5.RELEASE.jar:2.1.5.RELEASE]
	at org.springframework.boot.SpringApplication.refreshContext(SpringApplication.java:397) ~[spring-boot-2.1.5.RELEASE.jar:2.1.5.RELEASE]
	at org.springframework.boot.SpringApplication.run(SpringApplication.java:316) ~[spring-boot-2.1.5.RELEASE.jar:2.1.5.RELEASE]
	at org.springframework.boot.SpringApplication.run(SpringApplication.java:1260) ~[spring-boot-2.1.5.RELEASE.jar:2.1.5.RELEASE]
	at org.springframework.boot.SpringApplication.run(SpringApplication.java:1248) ~[spring-boot-2.1.5.RELEASE.jar:2.1.5.RELEASE]
	at com.example.demo.xm.AJ_NLPApplication.main(AJ_NLPApplication.java:10) ~[classes/:na]
Caused by: java.net.BindException: Address already in use: bind
	at java.base/sun.nio.ch.Net.bind0(Native Method) ~[na:na]
	at java.base/sun.nio.ch.Net.bind(Net.java:469) ~[na:na]
	at java.base/sun.nio.ch.Net.bind(Net.java:458) ~[na:na]
	at java.base/sun.nio.ch.ServerSocketChannelImpl.bind(ServerSocketChannelImpl.java:220) ~[na:na]
	at java.base/sun.nio.ch.ServerSocketAdaptor.bind(ServerSocketAdaptor.java:88) ~[na:na]
	at org.apache.tomcat.util.net.NioEndpoint.initServerSocket(NioEndpoint.java:239) ~[tomcat-embed-core-9.0.19.jar:9.0.19]
	at org.apache.tomcat.util.net.NioEndpoint.bind(NioEndpoint.java:213) ~[tomcat-embed-core-9.0.19.jar:9.0.19]
	at org.apache.tomcat.util.net.AbstractEndpoint.bindWithCleanup(AbstractEndpoint.java:1116) ~[tomcat-embed-core-9.0.19.jar:9.0.19]
	at org.apache.tomcat.util.net.AbstractEndpoint.start(AbstractEndpoint.java:1202) ~[tomcat-embed-core-9.0.19.jar:9.0.19]
	at org.apache.coyote.AbstractProtocol.start(AbstractProtocol.java:568) ~[tomcat-embed-core-9.0.19.jar:9.0.19]
	at org.apache.catalina.connector.Connector.startInternal(Connector.java:1005) ~[tomcat-embed-core-9.0.19.jar:9.0.19]
	... 14 common frames omitted
2020-03-21 23:31:08,377 [main] INFO  o.a.coyote.http11.Http11NioProtocol [Line:173] - Pausing ProtocolHandler ["http-nio-8080"]
2020-03-21 23:31:08,377 [main] INFO  o.a.catalina.core.StandardService [Line:173] - Stopping service [Tomcat]
2020-03-21 23:31:08,381 [main] INFO  o.apache.catalina.util.LifecycleBase [Line:173] - The stop() method was called on component [StandardServer[-1]] after stop() had already been called. The second call will be ignored.
2020-03-21 23:31:08,381 [main] INFO  o.a.coyote.http11.Http11NioProtocol [Line:173] - Stopping ProtocolHandler ["http-nio-8080"]
2020-03-21 23:31:08,381 [main] INFO  o.a.coyote.http11.Http11NioProtocol [Line:173] - Destroying ProtocolHandler ["http-nio-8080"]
2020-03-21 23:31:08,383 [main] ERROR o.s.boot.SpringApplication [Line:98 ] - Error handling failed
java.lang.NoSuchMethodError: 'void ch.qos.logback.classic.LoggerContext.removeObject(java.lang.String)'
	at org.springframework.boot.logging.logback.LogbackLoggingSystem.markAsUninitialized(LogbackLoggingSystem.java:320) ~[spring-boot-2.1.5.RELEASE.jar:2.1.5.RELEASE]
	at org.springframework.boot.logging.logback.LogbackLoggingSystem.cleanUp(LogbackLoggingSystem.java:214) ~[spring-boot-2.1.5.RELEASE.jar:2.1.5.RELEASE]
	at org.springframework.boot.context.logging.LoggingApplicationListener.onApplicationFailedEvent(LoggingApplicationListener.java:247) ~[spring-boot-2.1.5.RELEASE.jar:2.1.5.RELEASE]
	at org.springframework.boot.context.logging.LoggingApplicationListener.onApplicationEvent(LoggingApplicationListener.java:212) ~[spring-boot-2.1.5.RELEASE.jar:2.1.5.RELEASE]
	at org.springframework.context.event.SimpleApplicationEventMulticaster.doInvokeListener(SimpleApplicationEventMulticaster.java:172) ~[spring-context-5.1.7.RELEASE.jar:5.1.7.RELEASE]
	at org.springframework.context.event.SimpleApplicationEventMulticaster.invokeListener(SimpleApplicationEventMulticaster.java:165) ~[spring-context-5.1.7.RELEASE.jar:5.1.7.RELEASE]
	at org.springframework.context.event.SimpleApplicationEventMulticaster.multicastEvent(SimpleApplicationEventMulticaster.java:139) ~[spring-context-5.1.7.RELEASE.jar:5.1.7.RELEASE]
	at org.springframework.context.support.AbstractApplicationContext.publishEvent(AbstractApplicationContext.java:402) ~[spring-context-5.1.7.RELEASE.jar:5.1.7.RELEASE]
	at org.springframework.context.support.AbstractApplicationContext.publishEvent(AbstractApplicationContext.java:359) ~[spring-context-5.1.7.RELEASE.jar:5.1.7.RELEASE]
	at org.springframework.boot.context.event.EventPublishingRunListener.failed(EventPublishingRunListener.java:116) ~[spring-boot-2.1.5.RELEASE.jar:2.1.5.RELEASE]
	at org.springframework.boot.SpringApplicationRunListeners.callFailedListener(SpringApplicationRunListeners.java:91) ~[spring-boot-2.1.5.RELEASE.jar:2.1.5.RELEASE]
	at org.springframework.boot.SpringApplicationRunListeners.failed(SpringApplicationRunListeners.java:84) ~[spring-boot-2.1.5.RELEASE.jar:2.1.5.RELEASE]
	at org.springframework.boot.SpringApplication.handleRunFailure(SpringApplication.java:828) ~[spring-boot-2.1.5.RELEASE.jar:2.1.5.RELEASE]
	at org.springframework.boot.SpringApplication.run(SpringApplication.java:327) ~[spring-boot-2.1.5.RELEASE.jar:2.1.5.RELEASE]
	at org.springframework.boot.SpringApplication.run(SpringApplication.java:1260) ~[spring-boot-2.1.5.RELEASE.jar:2.1.5.RELEASE]
	at org.springframework.boot.SpringApplication.run(SpringApplication.java:1248) ~[spring-boot-2.1.5.RELEASE.jar:2.1.5.RELEASE]
	at com.example.demo.xm.AJ_NLPApplication.main(AJ_NLPApplication.java:10) ~[classes/:na]
2020-03-21 23:31:08,385 [main] ERROR o.s.b.d.LoggingFailureAnalysisReporter [Line:42 ] - 

***************************
APPLICATION FAILED TO START
***************************

Description:

The Tomcat connector configured to listen on port 8080 failed to start. The port may already be in use or the connector may be misconfigured.

Action:

Verify the connector's configuration, identify and stop any process that's listening on port 8080, or configure this application to listen on another port.

2020-03-21 23:31:08,385 [main] WARN  o.s.b.w.s.c.AnnotationConfigServletWebServerApplicationContext [Line:1012] - Exception thrown from ApplicationListener handling ContextClosedEvent
java.lang.NoSuchMethodError: 'void ch.qos.logback.classic.LoggerContext.removeObject(java.lang.String)'
	at org.springframework.boot.logging.logback.LogbackLoggingSystem.markAsUninitialized(LogbackLoggingSystem.java:320) ~[spring-boot-2.1.5.RELEASE.jar:2.1.5.RELEASE]
	at org.springframework.boot.logging.logback.LogbackLoggingSystem.cleanUp(LogbackLoggingSystem.java:214) ~[spring-boot-2.1.5.RELEASE.jar:2.1.5.RELEASE]
	at org.springframework.boot.context.logging.LoggingApplicationListener.onContextClosedEvent(LoggingApplicationListener.java:241) ~[spring-boot-2.1.5.RELEASE.jar:2.1.5.RELEASE]
	at org.springframework.boot.context.logging.LoggingApplicationListener.onApplicationEvent(LoggingApplicationListener.java:209) ~[spring-boot-2.1.5.RELEASE.jar:2.1.5.RELEASE]
	at org.springframework.context.event.SimpleApplicationEventMulticaster.doInvokeListener(SimpleApplicationEventMulticaster.java:172) ~[spring-context-5.1.7.RELEASE.jar:5.1.7.RELEASE]
	at org.springframework.context.event.SimpleApplicationEventMulticaster.invokeListener(SimpleApplicationEventMulticaster.java:165) ~[spring-context-5.1.7.RELEASE.jar:5.1.7.RELEASE]
	at org.springframework.context.event.SimpleApplicationEventMulticaster.multicastEvent(SimpleApplicationEventMulticaster.java:139) ~[spring-context-5.1.7.RELEASE.jar:5.1.7.RELEASE]
	at org.springframework.context.support.AbstractApplicationContext.publishEvent(AbstractApplicationContext.java:402) ~[spring-context-5.1.7.RELEASE.jar:5.1.7.RELEASE]
	at org.springframework.context.support.AbstractApplicationContext.publishEvent(AbstractApplicationContext.java:359) ~[spring-context-5.1.7.RELEASE.jar:5.1.7.RELEASE]
	at org.springframework.context.support.AbstractApplicationContext.doClose(AbstractApplicationContext.java:1009) ~[spring-context-5.1.7.RELEASE.jar:5.1.7.RELEASE]
	at org.springframework.context.support.AbstractApplicationContext.close(AbstractApplicationContext.java:975) ~[spring-context-5.1.7.RELEASE.jar:5.1.7.RELEASE]
	at org.springframework.boot.SpringApplication.handleRunFailure(SpringApplication.java:834) ~[spring-boot-2.1.5.RELEASE.jar:2.1.5.RELEASE]
	at org.springframework.boot.SpringApplication.run(SpringApplication.java:327) ~[spring-boot-2.1.5.RELEASE.jar:2.1.5.RELEASE]
	at org.springframework.boot.SpringApplication.run(SpringApplication.java:1260) ~[spring-boot-2.1.5.RELEASE.jar:2.1.5.RELEASE]
	at org.springframework.boot.SpringApplication.run(SpringApplication.java:1248) ~[spring-boot-2.1.5.RELEASE.jar:2.1.5.RELEASE]
	at com.example.demo.xm.AJ_NLPApplication.main(AJ_NLPApplication.java:10) ~[classes/:na]
2020-03-21 23:31:08,386 [main] INFO  o.s.s.c.ThreadPoolTaskExecutor [Line:208] - Shutting down ExecutorService 'applicationTaskExecutor'
