2020-04-07 21:55:57,914 [main] INFO  c.example.demo.xm.AJ_NLPApplication [Line:50 ] - Starting AJ_NLPApplication on DESKTOP-7G8HBNT with PID 16076 (Z:\project\AJ_NLP\target\classes started by ZH in Z:\project\AJ_NLP)
2020-04-07 21:55:57,926 [main] INFO  c.example.demo.xm.AJ_NLPApplication [Line:675] - No active profile set, falling back to default profiles: default
2020-04-07 21:55:58,629 [main] INFO  o.s.b.w.e.tomcat.TomcatWebServer [Line:90 ] - Tomcat initialized with port(s): 8080 (http)
2020-04-07 21:55:58,638 [main] INFO  o.a.coyote.http11.Http11NioProtocol [Line:173] - Initializing ProtocolHandler ["http-nio-8080"]
2020-04-07 21:55:58,645 [main] INFO  o.a.catalina.core.StandardService [Line:173] - Starting service [Tomcat]
2020-04-07 21:55:58,645 [main] INFO  o.a.catalina.core.StandardEngine [Line:173] - Starting Servlet engine: [Apache Tomcat/9.0.19]
2020-04-07 21:55:58,719 [main] INFO  o.a.c.c.C.[Tomcat].[localhost].[/] [Line:173] - Initializing Spring embedded WebApplicationContext
2020-04-07 21:55:58,719 [main] INFO  o.s.web.context.ContextLoader [Line:296] - Root WebApplicationContext: initialization completed in 768 ms
2020-04-07 21:55:58,893 [main] INFO  o.s.s.c.ThreadPoolTaskExecutor [Line:171] - Initializing ExecutorService 'applicationTaskExecutor'
2020-04-07 21:55:59,062 [main] INFO  o.a.coyote.http11.Http11NioProtocol [Line:173] - Starting ProtocolHandler ["http-nio-8080"]
2020-04-07 21:55:59,079 [main] INFO  o.s.b.w.e.tomcat.TomcatWebServer [Line:204] - Tomcat started on port(s): 8080 (http) with context path ''
2020-04-07 21:55:59,081 [main] INFO  c.example.demo.xm.AJ_NLPApplication [Line:59 ] - Started AJ_NLPApplication in 1.422 seconds (JVM running for 2.377)
2020-04-07 21:56:22,947 [http-nio-8080-exec-1] INFO  o.a.c.c.C.[Tomcat].[localhost].[/] [Line:173] - Initializing Spring DispatcherServlet 'dispatcherServlet'
2020-04-07 21:56:22,947 [http-nio-8080-exec-1] INFO  o.s.web.servlet.DispatcherServlet [Line:524] - Initializing Servlet 'dispatcherServlet'
2020-04-07 21:56:22,951 [http-nio-8080-exec-1] INFO  o.s.web.servlet.DispatcherServlet [Line:546] - Completed initialization in 4 ms
2020-04-07 21:56:32,484 [http-nio-8080-exec-2] ERROR o.a.c.c.C.[.[.[.[dispatcherServlet] [Line:175] - Servlet.service() for servlet [dispatcherServlet] in context with path [] threw exception [Request processing failed; nested exception is java.lang.NullPointerException] with root cause
java.lang.NullPointerException: null
	at com.example.demo.xm.flowProcessing.answerLength.length(answerLength.java:13) ~[classes/:na]
	at com.example.demo.xm.controller.ScoreController.getSimilarity(ScoreController.java:50) ~[classes/:na]
	at sun.reflect.NativeMethodAccessorImpl.invoke0(Native Method) ~[na:1.8.0_191]
	at sun.reflect.NativeMethodAccessorImpl.invoke(NativeMethodAccessorImpl.java:62) ~[na:1.8.0_191]
	at sun.reflect.DelegatingMethodAccessorImpl.invoke(DelegatingMethodAccessorImpl.java:43) ~[na:1.8.0_191]
	at java.lang.reflect.Method.invoke(Method.java:498) ~[na:1.8.0_191]
	at org.springframework.web.method.support.InvocableHandlerMethod.doInvoke(InvocableHandlerMethod.java:190) ~[spring-web-5.1.7.RELEASE.jar:5.1.7.RELEASE]
	at org.springframework.web.method.support.InvocableHandlerMethod.invokeForRequest(InvocableHandlerMethod.java:138) ~[spring-web-5.1.7.RELEASE.jar:5.1.7.RELEASE]
	at org.springframework.web.servlet.mvc.method.annotation.ServletInvocableHandlerMethod.invokeAndHandle(ServletInvocableHandlerMethod.java:104) ~[spring-webmvc-5.1.7.RELEASE.jar:5.1.7.RELEASE]
	at org.springframework.web.servlet.mvc.method.annotation.RequestMappingHandlerAdapter.invokeHandlerMethod(RequestMappingHandlerAdapter.java:892) ~[spring-webmvc-5.1.7.RELEASE.jar:5.1.7.RELEASE]
	at org.springframework.web.servlet.mvc.method.annotation.RequestMappingHandlerAdapter.handleInternal(RequestMappingHandlerAdapter.java:797) ~[spring-webmvc-5.1.7.RELEASE.jar:5.1.7.RELEASE]
	at org.springframework.web.servlet.mvc.method.AbstractHandlerMethodAdapter.handle(AbstractHandlerMethodAdapter.java:87) ~[spring-webmvc-5.1.7.RELEASE.jar:5.1.7.RELEASE]
	at org.springframework.web.servlet.DispatcherServlet.doDispatch(DispatcherServlet.java:1039) ~[spring-webmvc-5.1.7.RELEASE.jar:5.1.7.RELEASE]
	at org.springframework.web.servlet.DispatcherServlet.doService(DispatcherServlet.java:942) ~[spring-webmvc-5.1.7.RELEASE.jar:5.1.7.RELEASE]
	at org.springframework.web.servlet.FrameworkServlet.processRequest(FrameworkServlet.java:1005) ~[spring-webmvc-5.1.7.RELEASE.jar:5.1.7.RELEASE]
	at org.springframework.web.servlet.FrameworkServlet.doPost(FrameworkServlet.java:908) ~[spring-webmvc-5.1.7.RELEASE.jar:5.1.7.RELEASE]
	at javax.servlet.http.HttpServlet.service(HttpServlet.java:660) ~[tomcat-embed-core-9.0.19.jar:9.0.19]
	at org.springframework.web.servlet.FrameworkServlet.service(FrameworkServlet.java:882) ~[spring-webmvc-5.1.7.RELEASE.jar:5.1.7.RELEASE]
	at javax.servlet.http.HttpServlet.service(HttpServlet.java:741) ~[tomcat-embed-core-9.0.19.jar:9.0.19]
	at org.apache.catalina.core.ApplicationFilterChain.internalDoFilter(ApplicationFilterChain.java:231) ~[tomcat-embed-core-9.0.19.jar:9.0.19]
	at org.apache.catalina.core.ApplicationFilterChain.doFilter(ApplicationFilterChain.java:166) ~[tomcat-embed-core-9.0.19.jar:9.0.19]
	at org.apache.tomcat.websocket.server.WsFilter.doFilter(WsFilter.java:53) ~[tomcat-embed-websocket-9.0.19.jar:9.0.19]
	at org.apache.catalina.core.ApplicationFilterChain.internalDoFilter(ApplicationFilterChain.java:193) ~[tomcat-embed-core-9.0.19.jar:9.0.19]
	at org.apache.catalina.core.ApplicationFilterChain.doFilter(ApplicationFilterChain.java:166) ~[tomcat-embed-core-9.0.19.jar:9.0.19]
	at org.springframework.web.filter.RequestContextFilter.doFilterInternal(RequestContextFilter.java:99) ~[spring-web-5.1.7.RELEASE.jar:5.1.7.RELEASE]
	at org.springframework.web.filter.OncePerRequestFilter.doFilter(OncePerRequestFilter.java:107) ~[spring-web-5.1.7.RELEASE.jar:5.1.7.RELEASE]
	at org.apache.catalina.core.ApplicationFilterChain.internalDoFilter(ApplicationFilterChain.java:193) ~[tomcat-embed-core-9.0.19.jar:9.0.19]
	at org.apache.catalina.core.ApplicationFilterChain.doFilter(ApplicationFilterChain.java:166) ~[tomcat-embed-core-9.0.19.jar:9.0.19]
	at org.springframework.web.filter.FormContentFilter.doFilterInternal(FormContentFilter.java:92) ~[spring-web-5.1.7.RELEASE.jar:5.1.7.RELEASE]
	at org.springframework.web.filter.OncePerRequestFilter.doFilter(OncePerRequestFilter.java:107) ~[spring-web-5.1.7.RELEASE.jar:5.1.7.RELEASE]
	at org.apache.catalina.core.ApplicationFilterChain.internalDoFilter(ApplicationFilterChain.java:193) ~[tomcat-embed-core-9.0.19.jar:9.0.19]
	at org.apache.catalina.core.ApplicationFilterChain.doFilter(ApplicationFilterChain.java:166) ~[tomcat-embed-core-9.0.19.jar:9.0.19]
	at org.springframework.web.filter.HiddenHttpMethodFilter.doFilterInternal(HiddenHttpMethodFilter.java:93) ~[spring-web-5.1.7.RELEASE.jar:5.1.7.RELEASE]
	at org.springframework.web.filter.OncePerRequestFilter.doFilter(OncePerRequestFilter.java:107) ~[spring-web-5.1.7.RELEASE.jar:5.1.7.RELEASE]
	at org.apache.catalina.core.ApplicationFilterChain.internalDoFilter(ApplicationFilterChain.java:193) ~[tomcat-embed-core-9.0.19.jar:9.0.19]
	at org.apache.catalina.core.ApplicationFilterChain.doFilter(ApplicationFilterChain.java:166) ~[tomcat-embed-core-9.0.19.jar:9.0.19]
	at org.springframework.web.filter.CharacterEncodingFilter.doFilterInternal(CharacterEncodingFilter.java:200) ~[spring-web-5.1.7.RELEASE.jar:5.1.7.RELEASE]
	at org.springframework.web.filter.OncePerRequestFilter.doFilter(OncePerRequestFilter.java:107) ~[spring-web-5.1.7.RELEASE.jar:5.1.7.RELEASE]
	at org.apache.catalina.core.ApplicationFilterChain.internalDoFilter(ApplicationFilterChain.java:193) ~[tomcat-embed-core-9.0.19.jar:9.0.19]
	at org.apache.catalina.core.ApplicationFilterChain.doFilter(ApplicationFilterChain.java:166) ~[tomcat-embed-core-9.0.19.jar:9.0.19]
	at org.apache.catalina.core.StandardWrapperValve.invoke(StandardWrapperValve.java:200) ~[tomcat-embed-core-9.0.19.jar:9.0.19]
	at org.apache.catalina.core.StandardContextValve.invoke(StandardContextValve.java:96) [tomcat-embed-core-9.0.19.jar:9.0.19]
	at org.apache.catalina.authenticator.AuthenticatorBase.invoke(AuthenticatorBase.java:490) [tomcat-embed-core-9.0.19.jar:9.0.19]
	at org.apache.catalina.core.StandardHostValve.invoke(StandardHostValve.java:139) [tomcat-embed-core-9.0.19.jar:9.0.19]
	at org.apache.catalina.valves.ErrorReportValve.invoke(ErrorReportValve.java:92) [tomcat-embed-core-9.0.19.jar:9.0.19]
	at org.apache.catalina.core.StandardEngineValve.invoke(StandardEngineValve.java:74) [tomcat-embed-core-9.0.19.jar:9.0.19]
	at org.apache.catalina.connector.CoyoteAdapter.service(CoyoteAdapter.java:343) [tomcat-embed-core-9.0.19.jar:9.0.19]
	at org.apache.coyote.http11.Http11Processor.service(Http11Processor.java:408) [tomcat-embed-core-9.0.19.jar:9.0.19]
	at org.apache.coyote.AbstractProcessorLight.process(AbstractProcessorLight.java:66) [tomcat-embed-core-9.0.19.jar:9.0.19]
	at org.apache.coyote.AbstractProtocol$ConnectionHandler.process(AbstractProtocol.java:836) [tomcat-embed-core-9.0.19.jar:9.0.19]
	at org.apache.tomcat.util.net.NioEndpoint$SocketProcessor.doRun(NioEndpoint.java:1747) [tomcat-embed-core-9.0.19.jar:9.0.19]
	at org.apache.tomcat.util.net.SocketProcessorBase.run(SocketProcessorBase.java:49) [tomcat-embed-core-9.0.19.jar:9.0.19]
	at java.util.concurrent.ThreadPoolExecutor.runWorker(ThreadPoolExecutor.java:1149) [na:1.8.0_191]
	at java.util.concurrent.ThreadPoolExecutor$Worker.run(ThreadPoolExecutor.java:624) [na:1.8.0_191]
	at org.apache.tomcat.util.threads.TaskThread$WrappingRunnable.run(TaskThread.java:61) [tomcat-embed-core-9.0.19.jar:9.0.19]
	at java.lang.Thread.run(Thread.java:748) [na:1.8.0_191]
2020-04-07 21:57:15,779 [http-nio-8080-exec-3] INFO  c.e.d.x.s.w.h.sememe.SememeParser [Line:71 ] - complete! count num:1736. time spend:26ms
2020-04-07 21:57:15,985 [http-nio-8080-exec-3] INFO  c.e.d.x.s.w.h.concept.ConceptParser [Line:100] - complete! count num:66191，time spend:204ms
2020-04-07 22:01:30,998 [main] INFO  c.example.demo.xm.AJ_NLPApplication [Line:50 ] - Starting AJ_NLPApplication on DESKTOP-7G8HBNT with PID 10712 (Z:\project\AJ_NLP\target\classes started by ZH in Z:\project\AJ_NLP)
2020-04-07 22:01:31,001 [main] INFO  c.example.demo.xm.AJ_NLPApplication [Line:675] - No active profile set, falling back to default profiles: default
2020-04-07 22:01:31,660 [main] INFO  o.s.b.w.e.tomcat.TomcatWebServer [Line:90 ] - Tomcat initialized with port(s): 8080 (http)
2020-04-07 22:01:31,671 [main] INFO  o.a.coyote.http11.Http11NioProtocol [Line:173] - Initializing ProtocolHandler ["http-nio-8080"]
2020-04-07 22:01:31,676 [main] INFO  o.a.catalina.core.StandardService [Line:173] - Starting service [Tomcat]
2020-04-07 22:01:31,677 [main] INFO  o.a.catalina.core.StandardEngine [Line:173] - Starting Servlet engine: [Apache Tomcat/9.0.19]
2020-04-07 22:01:31,743 [main] INFO  o.a.c.c.C.[Tomcat].[localhost].[/] [Line:173] - Initializing Spring embedded WebApplicationContext
2020-04-07 22:01:31,743 [main] INFO  o.s.web.context.ContextLoader [Line:296] - Root WebApplicationContext: initialization completed in 713 ms
2020-04-07 22:01:31,862 [main] INFO  o.s.s.c.ThreadPoolTaskExecutor [Line:171] - Initializing ExecutorService 'applicationTaskExecutor'
2020-04-07 22:01:31,971 [main] INFO  o.a.coyote.http11.Http11NioProtocol [Line:173] - Starting ProtocolHandler ["http-nio-8080"]
2020-04-07 22:01:31,985 [main] INFO  o.s.b.w.e.tomcat.TomcatWebServer [Line:204] - Tomcat started on port(s): 8080 (http) with context path ''
2020-04-07 22:01:31,987 [main] INFO  c.example.demo.xm.AJ_NLPApplication [Line:59 ] - Started AJ_NLPApplication in 1.199 seconds (JVM running for 1.982)
2020-04-07 22:01:41,097 [http-nio-8080-exec-1] INFO  o.a.c.c.C.[Tomcat].[localhost].[/] [Line:173] - Initializing Spring DispatcherServlet 'dispatcherServlet'
2020-04-07 22:01:41,098 [http-nio-8080-exec-1] INFO  o.s.web.servlet.DispatcherServlet [Line:524] - Initializing Servlet 'dispatcherServlet'
2020-04-07 22:01:41,103 [http-nio-8080-exec-1] INFO  o.s.web.servlet.DispatcherServlet [Line:546] - Completed initialization in 5 ms
2020-04-07 22:01:41,479 [http-nio-8080-exec-1] INFO  c.e.d.x.s.w.h.sememe.SememeParser [Line:71 ] - complete! count num:1736. time spend:32ms
2020-04-07 22:01:41,698 [http-nio-8080-exec-1] INFO  c.e.d.x.s.w.h.concept.ConceptParser [Line:100] - complete! count num:66191，time spend:218ms
2020-04-07 22:02:26,606 [main] INFO  c.example.demo.xm.AJ_NLPApplication [Line:50 ] - Starting AJ_NLPApplication on DESKTOP-7G8HBNT with PID 9096 (Z:\project\AJ_NLP\target\classes started by ZH in Z:\project\AJ_NLP)
2020-04-07 22:02:26,608 [main] INFO  c.example.demo.xm.AJ_NLPApplication [Line:675] - No active profile set, falling back to default profiles: default
2020-04-07 22:02:27,346 [main] INFO  o.s.b.w.e.tomcat.TomcatWebServer [Line:90 ] - Tomcat initialized with port(s): 8080 (http)
2020-04-07 22:02:27,362 [main] INFO  o.a.coyote.http11.Http11NioProtocol [Line:173] - Initializing ProtocolHandler ["http-nio-8080"]
2020-04-07 22:02:27,371 [main] INFO  o.a.catalina.core.StandardService [Line:173] - Starting service [Tomcat]
2020-04-07 22:02:27,371 [main] INFO  o.a.catalina.core.StandardEngine [Line:173] - Starting Servlet engine: [Apache Tomcat/9.0.19]
2020-04-07 22:02:27,460 [main] INFO  o.a.c.c.C.[Tomcat].[localhost].[/] [Line:173] - Initializing Spring embedded WebApplicationContext
2020-04-07 22:02:27,461 [main] INFO  o.s.web.context.ContextLoader [Line:296] - Root WebApplicationContext: initialization completed in 818 ms
2020-04-07 22:02:27,614 [main] INFO  o.s.s.c.ThreadPoolTaskExecutor [Line:171] - Initializing ExecutorService 'applicationTaskExecutor'
2020-04-07 22:02:27,733 [main] INFO  o.a.coyote.http11.Http11NioProtocol [Line:173] - Starting ProtocolHandler ["http-nio-8080"]
2020-04-07 22:02:27,747 [main] INFO  o.s.b.w.e.tomcat.TomcatWebServer [Line:204] - Tomcat started on port(s): 8080 (http) with context path ''
2020-04-07 22:02:27,749 [main] INFO  c.example.demo.xm.AJ_NLPApplication [Line:59 ] - Started AJ_NLPApplication in 1.404 seconds (JVM running for 2.263)
2020-04-07 22:02:35,378 [http-nio-8080-exec-1] INFO  o.a.c.c.C.[Tomcat].[localhost].[/] [Line:173] - Initializing Spring DispatcherServlet 'dispatcherServlet'
2020-04-07 22:02:35,379 [http-nio-8080-exec-1] INFO  o.s.web.servlet.DispatcherServlet [Line:524] - Initializing Servlet 'dispatcherServlet'
2020-04-07 22:02:35,384 [http-nio-8080-exec-1] INFO  o.s.web.servlet.DispatcherServlet [Line:546] - Completed initialization in 5 ms
2020-04-07 22:02:35,783 [http-nio-8080-exec-1] INFO  c.e.d.x.s.w.h.sememe.SememeParser [Line:71 ] - complete! count num:1736. time spend:34ms
2020-04-07 22:02:36,015 [http-nio-8080-exec-1] INFO  c.e.d.x.s.w.h.concept.ConceptParser [Line:100] - complete! count num:66191，time spend:231ms
2020-04-07 22:33:51,033 [main] INFO  c.example.demo.xm.AJ_NLPApplication [Line:50 ] - Starting AJ_NLPApplication on DESKTOP-7G8HBNT with PID 4528 (Z:\project\AJ_NLP\target\classes started by ZH in Z:\project\AJ_NLP)
2020-04-07 22:33:51,036 [main] INFO  c.example.demo.xm.AJ_NLPApplication [Line:675] - No active profile set, falling back to default profiles: default
2020-04-07 22:33:51,802 [main] INFO  o.s.b.w.e.tomcat.TomcatWebServer [Line:90 ] - Tomcat initialized with port(s): 8080 (http)
2020-04-07 22:33:51,817 [main] INFO  o.a.coyote.http11.Http11NioProtocol [Line:173] - Initializing ProtocolHandler ["http-nio-8080"]
2020-04-07 22:33:51,825 [main] INFO  o.a.catalina.core.StandardService [Line:173] - Starting service [Tomcat]
2020-04-07 22:33:51,825 [main] INFO  o.a.catalina.core.StandardEngine [Line:173] - Starting Servlet engine: [Apache Tomcat/9.0.19]
2020-04-07 22:33:51,916 [main] INFO  o.a.c.c.C.[Tomcat].[localhost].[/] [Line:173] - Initializing Spring embedded WebApplicationContext
2020-04-07 22:33:51,916 [main] INFO  o.s.web.context.ContextLoader [Line:296] - Root WebApplicationContext: initialization completed in 852 ms
2020-04-07 22:33:52,071 [main] INFO  o.s.s.c.ThreadPoolTaskExecutor [Line:171] - Initializing ExecutorService 'applicationTaskExecutor'
2020-04-07 22:33:52,217 [main] INFO  o.a.coyote.http11.Http11NioProtocol [Line:173] - Starting ProtocolHandler ["http-nio-8080"]
2020-04-07 22:33:52,233 [main] INFO  o.s.b.w.e.tomcat.TomcatWebServer [Line:204] - Tomcat started on port(s): 8080 (http) with context path ''
2020-04-07 22:33:52,235 [main] INFO  c.example.demo.xm.AJ_NLPApplication [Line:59 ] - Started AJ_NLPApplication in 1.441 seconds (JVM running for 2.387)
2020-04-07 22:33:54,837 [http-nio-8080-exec-1] INFO  o.a.c.c.C.[Tomcat].[localhost].[/] [Line:173] - Initializing Spring DispatcherServlet 'dispatcherServlet'
2020-04-07 22:33:54,838 [http-nio-8080-exec-1] INFO  o.s.web.servlet.DispatcherServlet [Line:524] - Initializing Servlet 'dispatcherServlet'
2020-04-07 22:33:54,844 [http-nio-8080-exec-1] INFO  o.s.web.servlet.DispatcherServlet [Line:546] - Completed initialization in 6 ms
2020-04-07 22:33:55,322 [http-nio-8080-exec-1] INFO  c.e.d.x.s.w.h.sememe.SememeParser [Line:71 ] - complete! count num:1736. time spend:37ms
2020-04-07 22:33:55,569 [http-nio-8080-exec-1] INFO  c.e.d.x.s.w.h.concept.ConceptParser [Line:100] - complete! count num:66191，time spend:246ms
2020-04-07 22:45:08,745 [main] INFO  c.example.demo.xm.AJ_NLPApplication [Line:50 ] - Starting AJ_NLPApplication on DESKTOP-7G8HBNT with PID 15252 (Z:\project\AJ_NLP\target\classes started by ZH in Z:\project\AJ_NLP)
2020-04-07 22:45:08,748 [main] INFO  c.example.demo.xm.AJ_NLPApplication [Line:675] - No active profile set, falling back to default profiles: default
2020-04-07 22:45:09,524 [main] INFO  o.s.b.w.e.tomcat.TomcatWebServer [Line:90 ] - Tomcat initialized with port(s): 8080 (http)
2020-04-07 22:45:09,540 [main] INFO  o.a.coyote.http11.Http11NioProtocol [Line:173] - Initializing ProtocolHandler ["http-nio-8080"]
2020-04-07 22:45:09,548 [main] INFO  o.a.catalina.core.StandardService [Line:173] - Starting service [Tomcat]
2020-04-07 22:45:09,549 [main] INFO  o.a.catalina.core.StandardEngine [Line:173] - Starting Servlet engine: [Apache Tomcat/9.0.19]
2020-04-07 22:45:09,672 [main] INFO  o.a.c.c.C.[Tomcat].[localhost].[/] [Line:173] - Initializing Spring embedded WebApplicationContext
2020-04-07 22:45:09,673 [main] INFO  o.s.web.context.ContextLoader [Line:296] - Root WebApplicationContext: initialization completed in 897 ms
2020-04-07 22:45:09,883 [main] INFO  o.s.s.c.ThreadPoolTaskExecutor [Line:171] - Initializing ExecutorService 'applicationTaskExecutor'
2020-04-07 22:45:10,056 [main] INFO  o.a.coyote.http11.Http11NioProtocol [Line:173] - Starting ProtocolHandler ["http-nio-8080"]
2020-04-07 22:45:10,074 [main] INFO  o.s.b.w.e.tomcat.TomcatWebServer [Line:204] - Tomcat started on port(s): 8080 (http) with context path ''
2020-04-07 22:45:10,076 [main] INFO  c.example.demo.xm.AJ_NLPApplication [Line:59 ] - Started AJ_NLPApplication in 1.565 seconds (JVM running for 2.362)
2020-04-07 22:45:15,959 [http-nio-8080-exec-1] INFO  o.a.c.c.C.[Tomcat].[localhost].[/] [Line:173] - Initializing Spring DispatcherServlet 'dispatcherServlet'
2020-04-07 22:45:15,959 [http-nio-8080-exec-1] INFO  o.s.web.servlet.DispatcherServlet [Line:524] - Initializing Servlet 'dispatcherServlet'
2020-04-07 22:45:15,964 [http-nio-8080-exec-1] INFO  o.s.web.servlet.DispatcherServlet [Line:546] - Completed initialization in 5 ms
2020-04-07 22:45:16,377 [http-nio-8080-exec-1] INFO  c.e.d.x.s.w.h.sememe.SememeParser [Line:71 ] - complete! count num:1736. time spend:34ms
2020-04-07 22:45:16,605 [http-nio-8080-exec-1] INFO  c.e.d.x.s.w.h.concept.ConceptParser [Line:100] - complete! count num:66191，time spend:226ms
