2020-03-18 17:05:46,481 [main] INFO  c.example.demo.xm.AJ_NLPApplication [Line:50 ] - Starting AJ_NLPApplication on 爸爸的学习空间 with PID 17432 (started by H Z in S:\Google下载\demo)
2020-03-18 17:05:46,490 [main] INFO  c.example.demo.xm.AJ_NLPApplication [Line:675] - No active profile set, falling back to default profiles: default
2020-03-18 17:05:47,393 [main] INFO  o.s.b.w.e.tomcat.TomcatWebServer [Line:90 ] - Tomcat initialized with port(s): 8080 (http)
2020-03-18 17:05:47,406 [main] INFO  o.a.coyote.http11.Http11NioProtocol [Line:173] - Initializing ProtocolHandler ["http-nio-8080"]
2020-03-18 17:05:47,413 [main] INFO  o.a.catalina.core.StandardService [Line:173] - Starting service [Tomcat]
2020-03-18 17:05:47,414 [main] INFO  o.a.catalina.core.StandardEngine [Line:173] - Starting Servlet engine: [Apache Tomcat/9.0.19]
2020-03-18 17:05:47,492 [main] INFO  o.a.c.c.C.[Tomcat].[localhost].[/] [Line:173] - Initializing Spring embedded WebApplicationContext
2020-03-18 17:05:47,492 [main] INFO  o.s.web.context.ContextLoader [Line:296] - Root WebApplicationContext: initialization completed in 964 ms
2020-03-18 17:05:47,662 [main] INFO  o.s.s.c.ThreadPoolTaskExecutor [Line:171] - Initializing ExecutorService 'applicationTaskExecutor'
2020-03-18 17:05:47,807 [main] INFO  o.a.coyote.http11.Http11NioProtocol [Line:173] - Starting ProtocolHandler ["http-nio-8080"]
2020-03-18 17:05:47,825 [main] INFO  o.s.b.w.e.tomcat.TomcatWebServer [Line:204] - Tomcat started on port(s): 8080 (http) with context path ''
2020-03-18 17:05:47,827 [main] INFO  c.example.demo.xm.AJ_NLPApplication [Line:59 ] - Started AJ_NLPApplication in 1.695 seconds (JVM running for 3.291)
2020-03-18 17:37:02,733 [main] INFO  c.example.demo.xm.AJ_NLPApplication [Line:50 ] - Starting AJ_NLPApplication on 爸爸的学习空间 with PID 18736 (Z:\project\AJ_NLP\target\classes started by H Z in Z:\project\AJ_NLP)
2020-03-18 17:37:02,735 [main] INFO  c.example.demo.xm.AJ_NLPApplication [Line:675] - No active profile set, falling back to default profiles: default
2020-03-18 17:37:03,413 [main] INFO  o.s.b.w.e.tomcat.TomcatWebServer [Line:90 ] - Tomcat initialized with port(s): 8080 (http)
2020-03-18 17:37:03,423 [main] INFO  o.a.coyote.http11.Http11NioProtocol [Line:173] - Initializing ProtocolHandler ["http-nio-8080"]
2020-03-18 17:37:03,428 [main] INFO  o.a.catalina.core.StandardService [Line:173] - Starting service [Tomcat]
2020-03-18 17:37:03,428 [main] INFO  o.a.catalina.core.StandardEngine [Line:173] - Starting Servlet engine: [Apache Tomcat/9.0.19]
2020-03-18 17:37:03,502 [main] INFO  o.a.c.c.C.[Tomcat].[localhost].[/] [Line:173] - Initializing Spring embedded WebApplicationContext
2020-03-18 17:37:03,502 [main] INFO  o.s.web.context.ContextLoader [Line:296] - Root WebApplicationContext: initialization completed in 741 ms
2020-03-18 17:37:03,640 [main] INFO  o.s.s.c.ThreadPoolTaskExecutor [Line:171] - Initializing ExecutorService 'applicationTaskExecutor'
2020-03-18 17:37:03,754 [main] INFO  o.a.coyote.http11.Http11NioProtocol [Line:173] - Starting ProtocolHandler ["http-nio-8080"]
2020-03-18 17:37:03,771 [main] INFO  o.s.b.w.e.tomcat.TomcatWebServer [Line:204] - Tomcat started on port(s): 8080 (http) with context path ''
2020-03-18 17:37:03,774 [main] INFO  c.example.demo.xm.AJ_NLPApplication [Line:59 ] - Started AJ_NLPApplication in 1.26 seconds (JVM running for 2.549)
2020-03-18 17:37:59,299 [http-nio-8080-exec-1] INFO  o.a.c.c.C.[Tomcat].[localhost].[/] [Line:173] - Initializing Spring DispatcherServlet 'dispatcherServlet'
2020-03-18 17:37:59,300 [http-nio-8080-exec-1] INFO  o.s.web.servlet.DispatcherServlet [Line:524] - Initializing Servlet 'dispatcherServlet'
2020-03-18 17:37:59,304 [http-nio-8080-exec-1] INFO  o.s.web.servlet.DispatcherServlet [Line:546] - Completed initialization in 4 ms
